# JRE version: OpenJDK Runtime Environment Temurin-21.0.11+10 (21.0.11+10) (build 21.0.11+10-LTS)
# Java VM: OpenJDK 64-Bit Server VM Temurin-21.0.11+10 (21.0.11+10-LTS, mixed mode, sharing, tiered, compressed oops, compressed class ptrs, parallel gc, windows-amd64)
GC Precious Log:
 CardTable entry size: 512
 CPUs: 12 total, 12 available
 Memory: 7860M
 Large Page Support: Disabled
 NUMA Support: Disabled
 Compressed Oops: Enabled (32-bit)
 Alignments: Space 512K, Generation 512K, Heap 2M
 Heap Min Capacity: 100M
 Heap Initial Capacity: 100M
 Heap Max Capacity: 2G
 Pre-touch: Disabled
 Parallel Workers: 10
Heap:
 PSYoungGen      total 19968K, used 4423K [0x00000000d5580000, 0x00000000d7400000, 0x0000000100000000)
  eden space 17920K, 13% used [0x00000000d5580000,0x00000000d57d2e78,0x00000000d6700000)
  from space 2048K, 99% used [0x00000000d6e80000,0x00000000d707ee60,0x00000000d7080000)
  to   space 3584K, 0% used [0x00000000d7080000,0x00000000d7080000,0x00000000d7400000)
 ParOldGen       total 343040K, used 342935K [0x0000000080000000, 0x0000000094f00000, 0x00000000d5580000)
  object space 343040K, 99% used [0x0000000080000000,0x0000000094ee5f30,0x0000000094f00000)
 Metaspace       used 86471K, committed 88064K, reserved 1179648K
  class space    used 10388K, committed 11136K, reserved 1048576K
GC Heap History (20 events):
Event: 2258.048 GC heap before
{Heap before GC invocations=2602 (full 4):
 PSYoungGen      total 20992K, used 20773K [0x00000000d5580000, 0x00000000d7280000, 0x0000000100000000)
  eden space 17920K, 100% used [0x00000000d5580000,0x00000000d6700000,0x00000000d6700000)
  from space 3072K, 92% used [0x00000000d6900000,0x00000000d6bc94a8,0x00000000d6c00000)
  to   space 4608K, 0% used [0x00000000d6e00000,0x00000000d6e00000,0x00000000d7280000)
 ParOldGen       total 312320K, used 312248K [0x0000000080000000, 0x0000000093100000, 0x00000000d5580000)
  object space 312320K, 99% used [0x0000000080000000,0x00000000930ee268,0x0000000093100000)
 Metaspace       used 78417K, committed 79744K, reserved 1179648K
  class space    used 9661K, committed 10240K, reserved 1048576K
}
Event: 2258.062 GC heap after
{Heap after GC invocations=2602 (full 4):
 PSYoungGen      total 21504K, used 3230K [0x00000000d5580000, 0x00000000d7180000, 0x0000000100000000)
  eden space 17920K, 0% used [0x00000000d5580000,0x00000000d5580000,0x00000000d6700000)
  from space 3584K, 90% used [0x00000000d6e00000,0x00000000d7127a10,0x00000000d7180000)
  to   space 3584K, 0% used [0x00000000d6a80000,0x00000000d6a80000,0x00000000d6e00000)
 ParOldGen       total 315392K, used 314970K [0x0000000080000000, 0x0000000093400000, 0x00000000d5580000)
  object space 315392K, 99% used [0x0000000080000000,0x0000000093396b10,0x0000000093400000)
 Metaspace       used 78417K, committed 79744K, reserved 1179648K
  class space    used 9661K, committed 10240K, reserved 1048576K
}
Event: 2261.082 GC heap before
{Heap before GC invocations=2603 (full 4):
 PSYoungGen      total 21504K, used 21150K [0x00000000d5580000, 0x00000000d7180000, 0x0000000100000000)
  eden space 17920K, 100% used [0x00000000d5580000,0x00000000d6700000,0x00000000d6700000)
  from space 3584K, 90% used [0x00000000d6e00000,0x00000000d7127a10,0x00000000d7180000)
  to   space 3584K, 0% used [0x00000000d6a80000,0x00000000d6a80000,0x00000000d6e00000)
 ParOldGen       total 315392K, used 314970K [0x0000000080000000, 0x0000000093400000, 0x00000000d5580000)
  object space 315392K, 99% used [0x0000000080000000,0x0000000093396b10,0x0000000093400000)
 Metaspace       used 79749K, committed 81088K, reserved 1179648K
  class space    used 9792K, committed 10368K, reserved 1048576K
}
Event: 2261.091 GC heap after
{Heap after GC invocations=2603 (full 4):
 PSYoungGen      total 19968K, used 1656K [0x00000000d5580000, 0x00000000d6e80000, 0x0000000100000000)
  eden space 17920K, 0% used [0x00000000d5580000,0x00000000d5580000,0x00000000d6700000)
  from space 2048K, 80% used [0x00000000d6a80000,0x00000000d6c1e000,0x00000000d6c80000)
  to   space 2048K, 0% used [0x00000000d6c80000,0x00000000d6c80000,0x00000000d6e80000)
 ParOldGen       total 317952K, used 317755K [0x0000000080000000, 0x0000000093680000, 0x00000000d5580000)
  object space 317952K, 99% used [0x0000000080000000,0x000000009364eea8,0x0000000093680000)
 Metaspace       used 79749K, committed 81088K, reserved 1179648K
  class space    used 9792K, committed 10368K, reserved 1048576K
}
Event: 2261.271 GC heap before
{Heap before GC invocations=2604 (full 4):
 PSYoungGen      total 19968K, used 19576K [0x00000000d5580000, 0x00000000d6e80000, 0x0000000100000000)
  eden space 17920K, 100% used [0x00000000d5580000,0x00000000d6700000,0x00000000d6700000)
  from space 2048K, 80% used [0x00000000d6a80000,0x00000000d6c1e000,0x00000000d6c80000)
  to   space 2048K, 0% used [0x00000000d6c80000,0x00000000d6c80000,0x00000000d6e80000)
 ParOldGen       total 317952K, used 317755K [0x0000000080000000, 0x0000000093680000, 0x00000000d5580000)
  object space 317952K, 99% used [0x0000000080000000,0x000000009364eea8,0x0000000093680000)
 Metaspace       used 79829K, committed 81152K, reserved 1179648K
  class space    used 9804K, committed 10368K, reserved 1048576K
}
Event: 2261.282 GC heap after
{Heap after GC invocations=2604 (full 4):
 PSYoungGen      total 19968K, used 2030K [0x00000000d5580000, 0x00000000d6f00000, 0x0000000100000000)
  eden space 17920K, 0% used [0x00000000d5580000,0x00000000d5580000,0x00000000d6700000)
  from space 2048K, 99% used [0x00000000d6c80000,0x00000000d6e7b810,0x00000000d6e80000)
  to   space 4096K, 0% used [0x00000000d6700000,0x00000000d6700000,0x00000000d6b00000)
 ParOldGen       total 319488K, used 319303K [0x0000000080000000, 0x0000000093800000, 0x00000000d5580000)
  object space 319488K, 99% used [0x0000000080000000,0x00000000937d1ea0,0x0000000093800000)
 Metaspace       used 79829K, committed 81152K, reserved 1179648K
  class space    used 9804K, committed 10368K, reserved 1048576K
}
Event: 2267.362 GC heap before
{Heap before GC invocations=2605 (full 4):
 PSYoungGen      total 19968K, used 19950K [0x00000000d5580000, 0x00000000d6f00000, 0x0000000100000000)
  eden space 17920K, 100% used [0x00000000d5580000,0x00000000d6700000,0x00000000d6700000)
  from space 2048K, 99% used [0x00000000d6c80000,0x00000000d6e7b810,0x00000000d6e80000)
  to   space 4096K, 0% used [0x00000000d6700000,0x00000000d6700000,0x00000000d6b00000)
 ParOldGen       total 319488K, used 319303K [0x0000000080000000, 0x0000000093800000, 0x00000000d5580000)
  object space 319488K, 99% used [0x0000000080000000,0x00000000937d1ea0,0x0000000093800000)
 Metaspace       used 81468K, committed 82944K, reserved 1179648K
  class space    used 9964K, committed 10624K, reserved 1048576K
}
Event: 2267.376 GC heap after
{Heap after GC invocations=2605 (full 4):
 PSYoungGen      total 22016K, used 4091K [0x00000000d5580000, 0x00000000d7300000, 0x0000000100000000)
  eden space 17920K, 0% used [0x00000000d5580000,0x00000000d5580000,0x00000000d6700000)
  from space 4096K, 99% used [0x00000000d6700000,0x00000000d6afee50,0x00000000d6b00000)
  to   space 6144K, 0% used [0x00000000d6d00000,0x00000000d6d00000,0x00000000d7300000)
 ParOldGen       total 321024K, used 320772K [0x0000000080000000, 0x0000000093980000, 0x00000000d5580000)
  object space 321024K, 99% used [0x0000000080000000,0x0000000093941110,0x0000000093980000)
 Metaspace       used 81468K, committed 82944K, reserved 1179648K
  class space    used 9964K, committed 10624K, reserved 1048576K
}
Event: 2268.064 GC heap before
{Heap before GC invocations=2606 (full 4):
 PSYoungGen      total 22016K, used 22011K [0x00000000d5580000, 0x00000000d7300000, 0x0000000100000000)
  eden space 17920K, 100% used [0x00000000d5580000,0x00000000d6700000,0x00000000d6700000)
  from space 4096K, 99% used [0x00000000d6700000,0x00000000d6afee50,0x00000000d6b00000)
  to   space 6144K, 0% used [0x00000000d6d00000,0x00000000d6d00000,0x00000000d7300000)
 ParOldGen       total 321024K, used 320772K [0x0000000080000000, 0x0000000093980000, 0x00000000d5580000)
  object space 321024K, 99% used [0x0000000080000000,0x0000000093941110,0x0000000093980000)
 Metaspace       used 82731K, committed 84224K, reserved 1179648K
  class space    used 10081K, committed 10752K, reserved 1048576K
}
Event: 2268.079 GC heap after
{Heap after GC invocations=2606 (full 4):
 PSYoungGen      total 22528K, used 4499K [0x00000000d5580000, 0x00000000d7180000, 0x0000000100000000)
  eden space 17920K, 0% used [0x00000000d5580000,0x00000000d5580000,0x00000000d6700000)
  from space 4608K, 97% used [0x00000000d6d00000,0x00000000d7164ee0,0x00000000d7180000)
  to   space 5120K, 0% used [0x00000000d6780000,0x00000000d6780000,0x00000000d6c80000)
 ParOldGen       total 325632K, used 325171K [0x0000000080000000, 0x0000000093e00000, 0x00000000d5580000)
  object space 325632K, 99% used [0x0000000080000000,0x0000000093d8cfd8,0x0000000093e00000)
 Metaspace       used 82731K, committed 84224K, reserved 1179648K
  class space    used 10081K, committed 10752K, reserved 1048576K
}
Event: 2271.338 GC heap before
{Heap before GC invocations=2607 (full 4):
 PSYoungGen      total 22528K, used 22419K [0x00000000d5580000, 0x00000000d7180000, 0x0000000100000000)
  eden space 17920K, 100% used [0x00000000d5580000,0x00000000d6700000,0x00000000d6700000)
  from space 4608K, 97% used [0x00000000d6d00000,0x00000000d7164ee0,0x00000000d7180000)
  to   space 5120K, 0% used [0x00000000d6780000,0x00000000d6780000,0x00000000d6c80000)
 ParOldGen       total 325632K, used 325171K [0x0000000080000000, 0x0000000093e00000, 0x00000000d5580000)
  object space 325632K, 99% used [0x0000000080000000,0x0000000093d8cfd8,0x0000000093e00000)
 Metaspace       used 83787K, committed 85248K, reserved 1179648K
  class space    used 10185K, committed 10880K, reserved 1048576K
}
Event: 2271.364 GC heap after
{Heap after GC invocations=2607 (full 4):
 PSYoungGen      total 23040K, used 5102K [0x00000000d5580000, 0x00000000d8000000, 0x0000000100000000)
  eden space 17920K, 0% used [0x00000000d5580000,0x00000000d5580000,0x00000000d6700000)
  from space 5120K, 99% used [0x00000000d6780000,0x00000000d6c7bab8,0x00000000d6c80000)
  to   space 12800K, 0% used [0x00000000d7380000,0x00000000d7380000,0x00000000d8000000)
 ParOldGen       total 331776K, used 331369K [0x0000000080000000, 0x0000000094400000, 0x00000000d5580000)
  object space 331776K, 99% used [0x0000000080000000,0x000000009439a720,0x0000000094400000)
 Metaspace       used 83787K, committed 85248K, reserved 1179648K
  class space    used 10185K, committed 10880K, reserved 1048576K
}
Event: 2271.579 GC heap before
{Heap before GC invocations=2608 (full 4):
 PSYoungGen      total 23040K, used 22918K [0x00000000d5580000, 0x00000000d8000000, 0x0000000100000000)
  eden space 17920K, 99% used [0x00000000d5580000,0x00000000d66e5ee0,0x00000000d6700000)
  from space 5120K, 99% used [0x00000000d6780000,0x00000000d6c7bab8,0x00000000d6c80000)
  to   space 12800K, 0% used [0x00000000d7380000,0x00000000d7380000,0x00000000d8000000)
 ParOldGen       total 331776K, used 331369K [0x0000000080000000, 0x0000000094400000, 0x00000000d5580000)
  object space 331776K, 99% used [0x0000000080000000,0x000000009439a720,0x0000000094400000)
 Metaspace       used 83933K, committed 85440K, reserved 1179648K
  class space    used 10197K, committed 10880K, reserved 1048576K
}
Event: 2271.595 GC heap after
{Heap after GC invocations=2608 (full 4):
 PSYoungGen      total 20992K, used 3008K [0x00000000d5580000, 0x00000000d7680000, 0x0000000100000000)
  eden space 17920K, 0% used [0x00000000d5580000,0x00000000d5580000,0x00000000d6700000)
  from space 3072K, 97% used [0x00000000d7380000,0x00000000d7670220,0x00000000d7680000)
  to   space 6144K, 0% used [0x00000000d6a80000,0x00000000d6a80000,0x00000000d7080000)
 ParOldGen       total 336896K, used 336501K [0x0000000080000000, 0x0000000094900000, 0x00000000d5580000)
  object space 336896K, 99% used [0x0000000080000000,0x000000009489d788,0x0000000094900000)
 Metaspace       used 83933K, committed 85440K, reserved 1179648K
  class space    used 10197K, committed 10880K, reserved 1048576K
}
Event: 2271.742 GC heap before
{Heap before GC invocations=2609 (full 4):
 PSYoungGen      total 20992K, used 20865K [0x00000000d5580000, 0x00000000d7680000, 0x0000000100000000)
  eden space 17920K, 99% used [0x00000000d5580000,0x00000000d66f0210,0x00000000d6700000)
  from space 3072K, 97% used [0x00000000d7380000,0x00000000d7670220,0x00000000d7680000)
  to   space 6144K, 0% used [0x00000000d6a80000,0x00000000d6a80000,0x00000000d7080000)
 ParOldGen       total 336896K, used 336501K [0x0000000080000000, 0x0000000094900000, 0x00000000d5580000)
  object space 336896K, 99% used [0x0000000080000000,0x000000009489d788,0x0000000094900000)
 Metaspace       used 84007K, committed 85568K, reserved 1179648K
  class space    used 10208K, committed 10880K, reserved 1048576K
}
Event: 2271.748 GC heap after
{Heap after GC invocations=2609 (full 4):
 PSYoungGen      total 24064K, used 2244K [0x00000000d5580000, 0x00000000d7400000, 0x0000000100000000)
  eden space 17920K, 0% used [0x00000000d5580000,0x00000000d5580000,0x00000000d6700000)
  from space 6144K, 36% used [0x00000000d6a80000,0x00000000d6cb13d0,0x00000000d7080000)
  to   space 3072K, 0% used [0x00000000d7100000,0x00000000d7100000,0x00000000d7400000)
 ParOldGen       total 337920K, used 337859K [0x0000000080000000, 0x0000000094a00000, 0x00000000d5580000)
  object space 337920K, 99% used [0x0000000080000000,0x00000000949f0d48,0x0000000094a00000)
 Metaspace       used 84007K, committed 85568K, reserved 1179648K
  class space    used 10208K, committed 10880K, reserved 1048576K
}
Event: 2275.574 GC heap before
{Heap before GC invocations=2610 (full 4):
 PSYoungGen      total 24064K, used 20164K [0x00000000d5580000, 0x00000000d7400000, 0x0000000100000000)
  eden space 17920K, 100% used [0x00000000d5580000,0x00000000d6700000,0x00000000d6700000)
  from space 6144K, 36% used [0x00000000d6a80000,0x00000000d6cb13d0,0x00000000d7080000)
  to   space 3072K, 0% used [0x00000000d7100000,0x00000000d7100000,0x00000000d7400000)
 ParOldGen       total 337920K, used 337859K [0x0000000080000000, 0x0000000094a00000, 0x00000000d5580000)
  object space 337920K, 99% used [0x0000000080000000,0x00000000949f0d48,0x0000000094a00000)
 Metaspace       used 84882K, committed 86464K, reserved 1179648K
  class space    used 10273K, committed 11008K, reserved 1048576K
}
Event: 2275.735 GC heap after
{Heap after GC invocations=2610 (full 4):
 PSYoungGen      total 19456K, used 1515K [0x00000000d5580000, 0x00000000d7280000, 0x0000000100000000)
  eden space 17920K, 0% used [0x00000000d5580000,0x00000000d5580000,0x00000000d6700000)
  from space 1536K, 98% used [0x00000000d7100000,0x00000000d727af80,0x00000000d7280000)
  to   space 2048K, 0% used [0x00000000d6e80000,0x00000000d6e80000,0x00000000d7080000)
 ParOldGen       total 339968K, used 339517K [0x0000000080000000, 0x0000000094c00000, 0x00000000d5580000)
  object space 339968K, 99% used [0x0000000080000000,0x0000000094b8f7f0,0x0000000094c00000)
 Metaspace       used 84882K, committed 86464K, reserved 1179648K
  class space    used 10273K, committed 11008K, reserved 1048576K
}
Event: 2289.931 GC heap before
{Heap before GC invocations=2611 (full 4):
 PSYoungGen      total 19456K, used 18916K [0x00000000d5580000, 0x00000000d7280000, 0x0000000100000000)
  eden space 17920K, 97% used [0x00000000d5580000,0x00000000d667e448,0x00000000d6700000)
  from space 1536K, 98% used [0x00000000d7100000,0x00000000d727af80,0x00000000d7280000)
  to   space 2048K, 0% used [0x00000000d6e80000,0x00000000d6e80000,0x00000000d7080000)
 ParOldGen       total 339968K, used 339517K [0x0000000080000000, 0x0000000094c00000, 0x00000000d5580000)
  object space 339968K, 99% used [0x0000000080000000,0x0000000094b8f7f0,0x0000000094c00000)
 Metaspace       used 86471K, committed 88064K, reserved 1179648K
  class space    used 10388K, committed 11136K, reserved 1048576K
}
Event: 2290.030 GC heap after
{Heap after GC invocations=2611 (full 4):
 PSYoungGen      total 19968K, used 2043K [0x00000000d5580000, 0x00000000d7400000, 0x0000000100000000)
  eden space 17920K, 0% used [0x00000000d5580000,0x00000000d5580000,0x00000000d6700000)
  from space 2048K, 99% used [0x00000000d6e80000,0x00000000d707ee60,0x00000000d7080000)
  to   space 3584K, 0% used [0x00000000d7080000,0x00000000d7080000,0x00000000d7400000)
 ParOldGen       total 343040K, used 342935K [0x0000000080000000, 0x0000000094f00000, 0x00000000d5580000)
  object space 343040K, 99% used [0x0000000080000000,0x0000000094ee5f30,0x0000000094f00000)
 Metaspace       used 86471K, committed 88064K, reserved 1179648K
  class space    used 10388K, committed 11136K, reserved 1048576K
}

